Create.c(72): Цена 1 билета = 1167	[MsgId: MMSG-17999]
Create.c(73): Цена 2 билета = 1040	[MsgId: MMSG-17999]
Create.c(74): Цена 3 билета = 1103	[MsgId: MMSG-17999]
Create.c(75): Цена 4 билета = 955	[MsgId: MMSG-17999]
Create.c(82): Значение outboundFlight 1 = 850;1167;04/13/2021	[MsgId: MMSG-17999]
Create.c(83): Значение outboundFlight 2 = 851;1040;04/13/2021	[MsgId: MMSG-17999]
Create.c(84): Значение outboundFlight 3 = 852;1103;04/13/2021	[MsgId: MMSG-17999]
Create.c(85): Значение outboundFlight 4 = 853;955;04/13/2021	[MsgId: MMSG-17999]
Create.c(100): Билеты с чётной ценой = 1	[MsgId: MMSG-17999]
Create.c(104): Значение outboundFlight билета с чётной ценой = 851;1040;04/13/2021	[MsgId: MMSG-17999]
Create.c(110): Случайный номер билета из числа четных = 1	[MsgId: MMSG-17999]
Create.c(111): Выбран этот билет = 851;1040;04/13/2021	[MsgId: MMSG-17999]
Create.c(179): Информация о билете: = 04/13/2021 :  1pm : Flight 851 leaves Sydney  for Portland	[MsgId: MMSG-17999]
Create.c(72): Цена 1 билета = 819	[MsgId: MMSG-17999]
Create.c(73): Цена 2 билета = 730	[MsgId: MMSG-17999]
Create.c(74): Цена 3 билета = 775	[MsgId: MMSG-17999]
Create.c(75): Цена 4 билета = 670	[MsgId: MMSG-17999]
Create.c(82): Значение outboundFlight 1 = 720;819;04/13/2021	[MsgId: MMSG-17999]
Create.c(83): Значение outboundFlight 2 = 721;730;04/13/2021	[MsgId: MMSG-17999]
Create.c(84): Значение outboundFlight 3 = 722;775;04/13/2021	[MsgId: MMSG-17999]
Create.c(85): Значение outboundFlight 4 = 723;670;04/13/2021	[MsgId: MMSG-17999]
Create.c(100): Билеты с чётной ценой = 2	[MsgId: MMSG-17999]
Create.c(104): Значение outboundFlight билета с чётной ценой = 721;730;04/13/2021	[MsgId: MMSG-17999]
Create.c(104): Значение outboundFlight билета с чётной ценой = 723;670;04/13/2021	[MsgId: MMSG-17999]
Create.c(110): Случайный номер билета из числа четных = 1	[MsgId: MMSG-17999]
Create.c(111): Выбран этот билет = 721;730;04/13/2021	[MsgId: MMSG-17999]
Create.c(179): Информация о билете: = 04/13/2021 :  1pm : Flight 721 leaves Seattle  for London	[MsgId: MMSG-17999]
Create.c(72): Цена 1 билета = 2071	[MsgId: MMSG-17999]
Create.c(73): Цена 2 билета = 1845	[MsgId: MMSG-17999]
Create.c(74): Цена 3 билета = 1958	[MsgId: MMSG-17999]
Create.c(75): Цена 4 билета = 1695	[MsgId: MMSG-17999]
Create.c(82): Значение outboundFlight 1 = 480;2071;04/13/2021	[MsgId: MMSG-17999]
Create.c(83): Значение outboundFlight 2 = 481;1845;04/13/2021	[MsgId: MMSG-17999]
Create.c(84): Значение outboundFlight 3 = 482;1958;04/13/2021	[MsgId: MMSG-17999]
Create.c(85): Значение outboundFlight 4 = 483;1695;04/13/2021	[MsgId: MMSG-17999]
Create.c(100): Билеты с чётной ценой = 1	[MsgId: MMSG-17999]
Create.c(104): Значение outboundFlight билета с чётной ценой = 482;1958;04/13/2021	[MsgId: MMSG-17999]
Create.c(110): Случайный номер билета из числа четных = 1	[MsgId: MMSG-17999]
Create.c(111): Выбран этот билет = 482;1958;04/13/2021	[MsgId: MMSG-17999]
Create.c(179): Информация о билете: = 04/13/2021 :  5pm : Flight 482 leaves Paris  for Sydney	[MsgId: MMSG-17999]
Create.c(72): Цена 1 билета = 275	[MsgId: MMSG-17999]
Create.c(73): Цена 2 билета = 245	[MsgId: MMSG-17999]
Create.c(74): Цена 3 билета = 260	[MsgId: MMSG-17999]
Create.c(75): Цена 4 билета = 225	[MsgId: MMSG-17999]
Create.c(82): Значение outboundFlight 1 = 050;275;04/13/2021	[MsgId: MMSG-17999]
Create.c(83): Значение outboundFlight 2 = 051;245;04/13/2021	[MsgId: MMSG-17999]
Create.c(84): Значение outboundFlight 3 = 052;260;04/13/2021	[MsgId: MMSG-17999]
Create.c(85): Значение outboundFlight 4 = 053;225;04/13/2021	[MsgId: MMSG-17999]
Create.c(100): Билеты с чётной ценой = 1	[MsgId: MMSG-17999]
Create.c(104): Значение outboundFlight билета с чётной ценой = 052;260;04/13/2021	[MsgId: MMSG-17999]
Create.c(110): Случайный номер билета из числа четных = 1	[MsgId: MMSG-17999]
Create.c(111): Выбран этот билет = 052;260;04/13/2021	[MsgId: MMSG-17999]
Create.c(179): Информация о билете: = 04/13/2021 :  5pm : Flight 052 leaves Denver  for Portland	[MsgId: MMSG-17999]
Create.c(72): Цена 1 билета = 462	[MsgId: MMSG-17999]
Create.c(73): Цена 2 билета = 411	[MsgId: MMSG-17999]
Create.c(74): Цена 3 билета = 436	[MsgId: MMSG-17999]
Create.c(75): Цена 4 билета = 378	[MsgId: MMSG-17999]
Create.c(82): Значение outboundFlight 1 = 950;462;04/13/2021	[MsgId: MMSG-17999]
Create.c(83): Значение outboundFlight 2 = 951;411;04/13/2021	[MsgId: MMSG-17999]
Create.c(84): Значение outboundFlight 3 = 952;436;04/13/2021	[MsgId: MMSG-17999]
Create.c(85): Значение outboundFlight 4 = 953;378;04/13/2021	[MsgId: MMSG-17999]
Create.c(100): Билеты с чётной ценой = 3	[MsgId: MMSG-17999]
Create.c(104): Значение outboundFlight билета с чётной ценой = 950;462;04/13/2021	[MsgId: MMSG-17999]
Create.c(104): Значение outboundFlight билета с чётной ценой = 952;436;04/13/2021	[MsgId: MMSG-17999]
Create.c(104): Значение outboundFlight билета с чётной ценой = 953;378;04/13/2021	[MsgId: MMSG-17999]
Create.c(110): Случайный номер билета из числа четных = 2	[MsgId: MMSG-17999]
Create.c(111): Выбран этот билет = 952;436;04/13/2021	[MsgId: MMSG-17999]
Create.c(179): Информация о билете: = 04/13/2021 :  5pm : Flight 952 leaves Zurich  for Portland	[MsgId: MMSG-17999]
Create.c(72): Цена 1 билета = 174	[MsgId: MMSG-17999]
Create.c(73): Цена 2 билета = 155	[MsgId: MMSG-17999]
Create.c(74): Цена 3 билета = 165	[MsgId: MMSG-17999]
Create.c(75): Цена 4 билета = 143	[MsgId: MMSG-17999]
Create.c(82): Значение outboundFlight 1 = 730;174;04/13/2021	[MsgId: MMSG-17999]
Create.c(83): Значение outboundFlight 2 = 731;155;04/13/2021	[MsgId: MMSG-17999]
Create.c(84): Значение outboundFlight 3 = 732;165;04/13/2021	[MsgId: MMSG-17999]
Create.c(85): Значение outboundFlight 4 = 733;143;04/13/2021	[MsgId: MMSG-17999]
Create.c(100): Билеты с чётной ценой = 1	[MsgId: MMSG-17999]
Create.c(104): Значение outboundFlight билета с чётной ценой = 730;174;04/13/2021	[MsgId: MMSG-17999]
Create.c(110): Случайный номер билета из числа четных = 1	[MsgId: MMSG-17999]
Create.c(111): Выбран этот билет = 730;174;04/13/2021	[MsgId: MMSG-17999]
Create.c(179): Информация о билете: = 04/13/2021 :  8am : Flight 730 leaves Seattle  for Los Angeles	[MsgId: MMSG-17999]
