Create.c(72): Цена 1 билета = 386	[MsgId: MMSG-17999]
Create.c(73): Цена 2 билета = 343	[MsgId: MMSG-17999]
Create.c(74): Цена 3 билета = 365	[MsgId: MMSG-17999]
Create.c(75): Цена 4 билета = 315	[MsgId: MMSG-17999]
Create.c(82): Значение outboundFlight 1 = 010;386;04/13/2021	[MsgId: MMSG-17999]
Create.c(83): Значение outboundFlight 2 = 011;343;04/13/2021	[MsgId: MMSG-17999]
Create.c(84): Значение outboundFlight 3 = 012;365;04/13/2021	[MsgId: MMSG-17999]
Create.c(85): Значение outboundFlight 4 = 013;315;04/13/2021	[MsgId: MMSG-17999]
Create.c(100): Билеты с чётной ценой = 1	[MsgId: MMSG-17999]
Create.c(104): Значение outboundFlight билета с чётной ценой = 010;386;04/13/2021	[MsgId: MMSG-17999]
Create.c(110): Случайный номер билета из числа четных = 1	[MsgId: MMSG-17999]
Create.c(111): Выбран этот билет = 010;386;04/13/2021	[MsgId: MMSG-17999]
Create.c(179): Информация о билете: = 04/13/2021 :  8am : Flight 010 leaves Denver  for Frankfurt	[MsgId: MMSG-17999]
Create.c(72): Цена 1 билета = 2679	[MsgId: MMSG-17999]
Create.c(73): Цена 2 билета = 2386	[MsgId: MMSG-17999]
Create.c(74): Цена 3 билета = 2533	[MsgId: MMSG-17999]
Create.c(75): Цена 4 билета = 2192	[MsgId: MMSG-17999]
Create.c(82): Значение outboundFlight 1 = 480;2679;04/13/2021	[MsgId: MMSG-17999]
Create.c(83): Значение outboundFlight 2 = 481;2386;04/13/2021	[MsgId: MMSG-17999]
Create.c(84): Значение outboundFlight 3 = 482;2533;04/13/2021	[MsgId: MMSG-17999]
Create.c(85): Значение outboundFlight 4 = 483;2192;04/13/2021	[MsgId: MMSG-17999]
Create.c(100): Билеты с чётной ценой = 2	[MsgId: MMSG-17999]
Create.c(104): Значение outboundFlight билета с чётной ценой = 481;2386;04/13/2021	[MsgId: MMSG-17999]
Create.c(104): Значение outboundFlight билета с чётной ценой = 483;2192;04/13/2021	[MsgId: MMSG-17999]
Create.c(110): Случайный номер билета из числа четных = 2	[MsgId: MMSG-17999]
Create.c(111): Выбран этот билет = 483;2192;04/13/2021	[MsgId: MMSG-17999]
Create.c(179): Информация о билете: = 04/13/2021 :  11pm : Flight 483 leaves Paris  for Sydney	[MsgId: MMSG-17999]
Create.c(72): Цена 1 билета = 2287	[MsgId: MMSG-17999]
Create.c(73): Цена 2 билета = 2037	[MsgId: MMSG-17999]
Create.c(74): Цена 3 билета = 2162	[MsgId: MMSG-17999]
Create.c(75): Цена 4 билета = 1871	[MsgId: MMSG-17999]
Create.c(82): Значение outboundFlight 1 = 180;2287;04/13/2021	[MsgId: MMSG-17999]
Create.c(83): Значение outboundFlight 2 = 181;2037;04/13/2021	[MsgId: MMSG-17999]
Create.c(84): Значение outboundFlight 3 = 182;2162;04/13/2021	[MsgId: MMSG-17999]
Create.c(85): Значение outboundFlight 4 = 183;1871;04/13/2021	[MsgId: MMSG-17999]
Create.c(100): Билеты с чётной ценой = 1	[MsgId: MMSG-17999]
Create.c(104): Значение outboundFlight билета с чётной ценой = 182;2162;04/13/2021	[MsgId: MMSG-17999]
Create.c(110): Случайный номер билета из числа четных = 1	[MsgId: MMSG-17999]
Create.c(111): Выбран этот билет = 182;2162;04/13/2021	[MsgId: MMSG-17999]
Create.c(179): Информация о билете: = 04/13/2021 :  5pm : Flight 182 leaves Frankfurt  for Sydney	[MsgId: MMSG-17999]
Create.c(72): Цена 1 билета = 801	[MsgId: MMSG-17999]
Create.c(73): Цена 2 билета = 714	[MsgId: MMSG-17999]
Create.c(74): Цена 3 билета = 758	[MsgId: MMSG-17999]
Create.c(75): Цена 4 билета = 656	[MsgId: MMSG-17999]
Create.c(82): Значение outboundFlight 1 = 870;801;04/13/2021	[MsgId: MMSG-17999]
Create.c(83): Значение outboundFlight 2 = 871;714;04/13/2021	[MsgId: MMSG-17999]
Create.c(84): Значение outboundFlight 3 = 872;758;04/13/2021	[MsgId: MMSG-17999]
Create.c(85): Значение outboundFlight 4 = 873;656;04/13/2021	[MsgId: MMSG-17999]
Create.c(100): Билеты с чётной ценой = 3	[MsgId: MMSG-17999]
Create.c(104): Значение outboundFlight билета с чётной ценой = 871;714;04/13/2021	[MsgId: MMSG-17999]
Create.c(104): Значение outboundFlight билета с чётной ценой = 872;758;04/13/2021	[MsgId: MMSG-17999]
Create.c(104): Значение outboundFlight билета с чётной ценой = 873;656;04/13/2021	[MsgId: MMSG-17999]
Create.c(110): Случайный номер билета из числа четных = 2	[MsgId: MMSG-17999]
Create.c(111): Выбран этот билет = 872;758;04/13/2021	[MsgId: MMSG-17999]
Create.c(179): Информация о билете: = 04/13/2021 :  5pm : Flight 872 leaves Sydney  for Seattle	[MsgId: MMSG-17999]
Create.c(72): Цена 1 билета = 839	[MsgId: MMSG-17999]
Create.c(73): Цена 2 билета = 747	[MsgId: MMSG-17999]
Create.c(74): Цена 3 билета = 793	[MsgId: MMSG-17999]
Create.c(75): Цена 4 билета = 686	[MsgId: MMSG-17999]
Create.c(82): Значение outboundFlight 1 = 970;839;04/13/2021	[MsgId: MMSG-17999]
Create.c(83): Значение outboundFlight 2 = 971;747;04/13/2021	[MsgId: MMSG-17999]
Create.c(84): Значение outboundFlight 3 = 972;793;04/13/2021	[MsgId: MMSG-17999]
Create.c(85): Значение outboundFlight 4 = 973;686;04/13/2021	[MsgId: MMSG-17999]
Create.c(100): Билеты с чётной ценой = 1	[MsgId: MMSG-17999]
Create.c(104): Значение outboundFlight билета с чётной ценой = 973;686;04/13/2021	[MsgId: MMSG-17999]
Create.c(110): Случайный номер билета из числа четных = 1	[MsgId: MMSG-17999]
Create.c(111): Выбран этот билет = 973;686;04/13/2021	[MsgId: MMSG-17999]
Create.c(179): Информация о билете: = 04/13/2021 :  11pm : Flight 973 leaves Zurich  for Seattle	[MsgId: MMSG-17999]
Create.c(72): Цена 1 билета = 186	[MsgId: MMSG-17999]
Create.c(73): Цена 2 билета = 166	[MsgId: MMSG-17999]
Create.c(74): Цена 3 билета = 176	[MsgId: MMSG-17999]
Create.c(75): Цена 4 билета = 152	[MsgId: MMSG-17999]
Create.c(82): Значение outboundFlight 1 = 410;186;04/13/2021	[MsgId: MMSG-17999]
Create.c(83): Значение outboundFlight 2 = 411;166;04/13/2021	[MsgId: MMSG-17999]
Create.c(84): Значение outboundFlight 3 = 412;176;04/13/2021	[MsgId: MMSG-17999]
Create.c(85): Значение outboundFlight 4 = 413;152;04/13/2021	[MsgId: MMSG-17999]
Create.c(100): Билеты с чётной ценой = 4	[MsgId: MMSG-17999]
Create.c(104): Значение outboundFlight билета с чётной ценой = 410;186;04/13/2021	[MsgId: MMSG-17999]
Create.c(104): Значение outboundFlight билета с чётной ценой = 411;166;04/13/2021	[MsgId: MMSG-17999]
Create.c(104): Значение outboundFlight билета с чётной ценой = 412;176;04/13/2021	[MsgId: MMSG-17999]
Create.c(104): Значение outboundFlight билета с чётной ценой = 413;152;04/13/2021	[MsgId: MMSG-17999]
Create.c(110): Случайный номер билета из числа четных = 1	[MsgId: MMSG-17999]
Create.c(111): Выбран этот билет = 410;186;04/13/2021	[MsgId: MMSG-17999]
Create.c(179): Информация о билете: = 04/13/2021 :  8am : Flight 410 leaves Paris  for Frankfurt	[MsgId: MMSG-17999]
Create.c(72): Цена 1 билета = 379	[MsgId: MMSG-17999]
